<?xml version="1.0" encoding="UTF-8"?>
<!-- Generated by org.testng.reporters.JUnitXMLReporter -->
<testsuite ignored="0" hostname="Omkar" failures="0" tests="5" name="Default test" time="0.397" errors="0" timestamp="2025-12-30T00:47:05 IST">
  <testcase classname="testcases.Test1" name="Test1case" time="0.11"/>
  <testcase classname="testcases.Test1" name="Testcase2" time="0.003"/>
  <testcase classname="testcases.Test1" name="Testcase3" time="0.007"/>
  <testcase classname="testcases.Test1" name="Testcase4" time="0.013"/>
  <testcase classname="testcases.Test1" name="Testcase5" time="0.011"/>
</testsuite> <!-- Default test -->
