<?xml version="1.0" encoding="UTF-8"?>
<testng-results ignored="0" total="2" passed="2" failed="0" skipped="0">
  <reporter-output>
  </reporter-output>
  <suite started-at="2025-12-27T03:55:13 IST" name="Surefire suite" finished-at="2025-12-27T03:55:13 IST" duration-ms="34">
    <groups>
    </groups>
    <test started-at="2025-12-27T03:55:13 IST" name="Surefire test" finished-at="2025-12-27T03:55:13 IST" duration-ms="34">
      <class name="testcases.Test1">
        <test-method signature="Test1case()[pri:0, instance:testcases.Test1@56a6d5a6]" started-at="2025-12-27T03:55:13 IST" name="Test1case" finished-at="2025-12-27T03:55:13 IST" duration-ms="5" status="PASS">
          <reporter-output>
          </reporter-output>
        </test-method> <!-- Test1case -->
        <test-method signature="Testcase2()[pri:0, instance:testcases.Test1@56a6d5a6]" started-at="2025-12-27T03:55:13 IST" name="Testcase2" finished-at="2025-12-27T03:55:13 IST" duration-ms="0" status="PASS">
          <reporter-output>
          </reporter-output>
        </test-method> <!-- Testcase2 -->
      </class> <!-- testcases.Test1 -->
    </test> <!-- Surefire test -->
  </suite> <!-- Surefire suite -->
</testng-results>
