<?xml version="1.0" encoding="UTF-8"?>
<testng-results ignored="0" total="5" passed="5" failed="0" skipped="0">
  <reporter-output>
  </reporter-output>
  <suite started-at="2025-12-30T00:47:05 IST" name="Default suite" finished-at="2025-12-30T00:47:05 IST" duration-ms="397">
    <groups>
    </groups>
    <test started-at="2025-12-30T00:47:05 IST" name="Default test" finished-at="2025-12-30T00:47:05 IST" duration-ms="397">
      <class name="testcases.Test1">
        <test-method signature="Test1case()[pri:0, instance:testcases.Test1@7c8326a4]" started-at="2025-12-30T00:47:05 IST" name="Test1case" finished-at="2025-12-30T00:47:05 IST" duration-ms="110" status="PASS">
          <reporter-output>
          </reporter-output>
        </test-method> <!-- Test1case -->
        <test-method signature="Testcase2()[pri:0, instance:testcases.Test1@7c8326a4]" started-at="2025-12-30T00:47:05 IST" name="Testcase2" finished-at="2025-12-30T00:47:05 IST" duration-ms="3" status="PASS">
          <reporter-output>
          </reporter-output>
        </test-method> <!-- Testcase2 -->
        <test-method signature="Testcase3()[pri:0, instance:testcases.Test1@7c8326a4]" started-at="2025-12-30T00:47:05 IST" name="Testcase3" finished-at="2025-12-30T00:47:05 IST" duration-ms="7" status="PASS">
          <reporter-output>
          </reporter-output>
        </test-method> <!-- Testcase3 -->
        <test-method signature="Testcase4()[pri:0, instance:testcases.Test1@7c8326a4]" started-at="2025-12-30T00:47:05 IST" name="Testcase4" finished-at="2025-12-30T00:47:05 IST" duration-ms="13" status="PASS">
          <reporter-output>
          </reporter-output>
        </test-method> <!-- Testcase4 -->
        <test-method signature="Testcase5()[pri:0, instance:testcases.Test1@7c8326a4]" started-at="2025-12-30T00:47:05 IST" name="Testcase5" finished-at="2025-12-30T00:47:05 IST" duration-ms="11" status="PASS">
          <reporter-output>
          </reporter-output>
        </test-method> <!-- Testcase5 -->
      </class> <!-- testcases.Test1 -->
    </test> <!-- Default test -->
  </suite> <!-- Default suite -->
</testng-results>
