<?xml version="1.0" encoding="UTF-8"?>
<!-- Generated by org.testng.reporters.JUnitReportReporter -->
<testsuite hostname="Omkar" failures="0" tests="5" name="testcases.Test1" time="0.144" errors="0" timestamp="2025-12-30T00:47:05 IST" skipped="0">
  <testcase classname="testcases.Test1" name="Testcase5" time="0.011"/>
  <testcase classname="testcases.Test1" name="Test1case" time="0.110"/>
  <testcase classname="testcases.Test1" name="Testcase3" time="0.007"/>
  <testcase classname="testcases.Test1" name="Testcase4" time="0.013"/>
  <testcase classname="testcases.Test1" name="Testcase2" time="0.003"/>
</testsuite> <!-- testcases.Test1 -->
